[37m[36mINFO[0m[0m::05/20 00:24:37 | Run Argv:
> train.py task_name cfgs/custom.yaml --resume ../weight/VQ-VAE_Parms_chn_.pth
[37m[36mINFO[0m[0m::05/20 00:24:37 | Args:
name            = task_name
config_paths    = ['cfgs/custom.yaml']
resume          = ../weight/VQ-VAE_Parms_chn_.pth
use_unique_name = False
[37m[36mINFO[0m[0m::05/20 00:24:37 | Configs:
overwrite: False
work_dir: results\your_task_name
batch_size: 8
comb_iter: 800000
seed: 2
g_lr: 0.0002
d_lr: 0.0004
n_workers: 15
adam_betas: 
  - 0.0
  - 0.9
init: xavier
num_channels: 256
content_font: arial
language: kazakh
data_path: ./results/your_task_name/lmdb/
data_meta: ./results/your_task_name/meta/trainset_ori_meta.json
dset_aug: 
  normalize: True
cv_n_unis: 20
cv_n_fonts: 9
C: 32
input_size: 128
g_args: 
  comp_enc: 
    C_out: 256
    norm: in
    activ: relu
  dec: 
    norm: in
    activ: relu
    out: sigmoid
  content_enc: 
    C_out: 256
    content_sigmoid: False
  integrator_args: 
    norm: in
    activ: relu
d_args: 
  w_norm: spectral
  activ: relu
  gap_activ: relu
  res_scale_var: False
pixel_loss_type: L1
pixel_w: 1.0
gan_w: 1.0
contrastive_w: 0.1
save: all-last
print_freq: 1000
val_freq: 5000
save_freq: 50000
tb_freq: 10000
use_half: False
use_ddp: Flase
vae_pth: ./weight/VQ-VAE_Parms_chn_.pth
sim_path: ./weight/all_char_similarity_unicode.json
all_content_json: ./meta/trian_val_all_characters.json
num_embeddings: 20
vae_batch_size: 256
vae_lr: 0.001
vae_iter: 10000
num_heads: 8
kshot: 3
num_positive_samples: 2
iter: 50000
step_size: 10000
gamma: 0.95
unique_name: task_name
name: task_name
[37m[36mINFO[0m[0m::05/20 00:24:37 | Unique name: task_name
[37m[36mINFO[0m[0m::05/20 00:24:37 | Get dataset ...
[37m[36mINFO[0m[0m::05/20 00:27:34 | Run Argv:
> train.py task_name cfgs/custom.yaml --resume ../weight/VQ-VAE_Parms_chn_.pth
[37m[36mINFO[0m[0m::05/20 00:27:34 | Args:
name            = task_name
config_paths    = ['cfgs/custom.yaml']
resume          = ../weight/VQ-VAE_Parms_chn_.pth
use_unique_name = False
[37m[36mINFO[0m[0m::05/20 00:27:34 | Configs:
overwrite: False
work_dir: results\your_task_name
batch_size: 8
comb_iter: 800000
seed: 2
g_lr: 0.0002
d_lr: 0.0004
n_workers: 15
adam_betas: 
  - 0.0
  - 0.9
init: xavier
num_channels: 256
content_font: KZ Arial
language: kazakh
data_path: ./results/your_task_name/lmdb/
data_meta: ./results/your_task_name/meta/trainset_ori_meta.json
dset_aug: 
  normalize: True
cv_n_unis: 20
cv_n_fonts: 9
C: 32
input_size: 128
g_args: 
  comp_enc: 
    C_out: 256
    norm: in
    activ: relu
  dec: 
    norm: in
    activ: relu
    out: sigmoid
  content_enc: 
    C_out: 256
    content_sigmoid: False
  integrator_args: 
    norm: in
    activ: relu
d_args: 
  w_norm: spectral
  activ: relu
  gap_activ: relu
  res_scale_var: False
pixel_loss_type: L1
pixel_w: 1.0
gan_w: 1.0
contrastive_w: 0.1
save: all-last
print_freq: 1000
val_freq: 5000
save_freq: 50000
tb_freq: 10000
use_half: False
use_ddp: Flase
vae_pth: ./weight/VQ-VAE_Parms_chn_.pth
sim_path: ./weight/all_char_similarity_unicode.json
all_content_json: ./meta/trian_val_all_characters.json
num_embeddings: 20
vae_batch_size: 256
vae_lr: 0.001
vae_iter: 10000
num_heads: 8
kshot: 3
num_positive_samples: 2
iter: 50000
step_size: 10000
gamma: 0.95
unique_name: task_name
name: task_name
[37m[36mINFO[0m[0m::05/20 00:27:34 | Unique name: task_name
[37m[36mINFO[0m[0m::05/20 00:27:34 | Get dataset ...
[37m[36mINFO[0m[0m::05/20 00:29:13 | Run Argv:
> train.py task_name cfgs/custom.yaml --resume ../weight/VQ-VAE_Parms_chn_.pth
[37m[36mINFO[0m[0m::05/20 00:29:13 | Args:
name            = task_name
config_paths    = ['cfgs/custom.yaml']
resume          = ../weight/VQ-VAE_Parms_chn_.pth
use_unique_name = False
[37m[36mINFO[0m[0m::05/20 00:29:13 | Configs:
overwrite: False
work_dir: results\your_task_name
batch_size: 8
comb_iter: 800000
seed: 2
g_lr: 0.0002
d_lr: 0.0004
n_workers: 15
adam_betas: 
  - 0.0
  - 0.9
init: xavier
num_channels: 256
content_font: KZ Arial
language: kazakh
data_path: ./results/your_task_name/lmdb/
data_meta: ./results/your_task_name/meta/trainset_ori_meta.json
dset_aug: 
  normalize: True
cv_n_unis: 20
cv_n_fonts: 9
C: 32
input_size: 128
g_args: 
  comp_enc: 
    C_out: 256
    norm: in
    activ: relu
  dec: 
    norm: in
    activ: relu
    out: sigmoid
  content_enc: 
    C_out: 256
    content_sigmoid: False
  integrator_args: 
    norm: in
    activ: relu
d_args: 
  w_norm: spectral
  activ: relu
  gap_activ: relu
  res_scale_var: False
pixel_loss_type: L1
pixel_w: 1.0
gan_w: 1.0
contrastive_w: 0.1
save: all-last
print_freq: 1000
val_freq: 5000
save_freq: 50000
tb_freq: 10000
use_half: False
use_ddp: Flase
vae_pth: ./weight/VQ-VAE_Parms_chn_.pth
sim_path: ./weight/all_char_similarity_unicode.json
all_content_json: ./meta/trian_val_all_characters.json
num_embeddings: 20
vae_batch_size: 256
vae_lr: 0.001
vae_iter: 10000
num_heads: 8
kshot: 3
num_positive_samples: 2
iter: 50000
step_size: 10000
gamma: 0.95
unique_name: task_name
name: task_name
[37m[36mINFO[0m[0m::05/20 00:29:13 | Unique name: task_name
[37m[36mINFO[0m[0m::05/20 00:29:13 | Get dataset ...
[37m[36mINFO[0m[0m::05/20 00:46:38 | Run Argv:
> train.py task_name cfgs/custom.yaml --resume ../weight/VQ-VAE_Parms_chn_.pth
[37m[36mINFO[0m[0m::05/20 00:46:38 | Args:
name            = task_name
config_paths    = ['cfgs/custom.yaml']
resume          = ../weight/VQ-VAE_Parms_chn_.pth
use_unique_name = False
[37m[36mINFO[0m[0m::05/20 00:46:38 | Configs:
overwrite: False
work_dir: results\your_task_name
batch_size: 8
comb_iter: 800000
seed: 2
g_lr: 0.0002
d_lr: 0.0004
n_workers: 15
adam_betas: 
  - 0.0
  - 0.9
init: xavier
num_channels: 256
content_font: KZ Arial
language: kazakh
data_path: ./results/your_task_name/lmdb/
data_meta: ./results/your_task_name/meta/trainset_ori_meta.json
dset_aug: 
  normalize: True
cv_n_unis: 20
cv_n_fonts: 9
C: 32
input_size: 128
g_args: 
  comp_enc: 
    C_out: 256
    norm: in
    activ: relu
  dec: 
    norm: in
    activ: relu
    out: sigmoid
  content_enc: 
    C_out: 256
    content_sigmoid: False
  integrator_args: 
    norm: in
    activ: relu
d_args: 
  w_norm: spectral
  activ: relu
  gap_activ: relu
  res_scale_var: False
pixel_loss_type: L1
pixel_w: 1.0
gan_w: 1.0
contrastive_w: 0.1
save: all-last
print_freq: 1000
val_freq: 5000
save_freq: 50000
tb_freq: 10000
use_half: False
use_ddp: Flase
vae_pth: ./weight/VQ-VAE_Parms_chn_.pth
sim_path: ./weight/all_char_similarity_unicode.json
all_content_json: ./meta/trian_val_all_characters.json
num_embeddings: 20
vae_batch_size: 256
vae_lr: 0.001
vae_iter: 10000
num_heads: 8
kshot: 3
num_positive_samples: 2
iter: 50000
step_size: 10000
gamma: 0.95
unique_name: task_name
name: task_name
[37m[36mINFO[0m[0m::05/20 00:46:39 | Unique name: task_name
[37m[36mINFO[0m[0m::05/20 00:46:39 | Get dataset ...
[37m[36mINFO[0m[0m::05/20 00:48:02 | Run Argv:
> train.py task_name cfgs/custom.yaml --resume ../weight/VQ-VAE_Parms_chn_.pth
[37m[36mINFO[0m[0m::05/20 00:48:02 | Args:
name            = task_name
config_paths    = ['cfgs/custom.yaml']
resume          = ../weight/VQ-VAE_Parms_chn_.pth
use_unique_name = False
[37m[36mINFO[0m[0m::05/20 00:48:02 | Configs:
overwrite: False
work_dir: results\your_task_name
batch_size: 8
comb_iter: 800000
seed: 2
g_lr: 0.0002
d_lr: 0.0004
n_workers: 15
adam_betas: 
  - 0.0
  - 0.9
init: xavier
num_channels: 256
content_font: KZ Arial
language: kazakh
data_path: ./results/your_task_name/lmdb/
data_meta: ./results/your_task_name/meta/trainset_ori_meta.json
dset_aug: 
  normalize: True
cv_n_unis: 20
cv_n_fonts: 9
C: 32
input_size: 128
g_args: 
  comp_enc: 
    C_out: 256
    norm: in
    activ: relu
  dec: 
    norm: in
    activ: relu
    out: sigmoid
  content_enc: 
    C_out: 256
    content_sigmoid: False
  integrator_args: 
    norm: in
    activ: relu
d_args: 
  w_norm: spectral
  activ: relu
  gap_activ: relu
  res_scale_var: False
pixel_loss_type: L1
pixel_w: 1.0
gan_w: 1.0
contrastive_w: 0.1
save: all-last
print_freq: 1000
val_freq: 5000
save_freq: 50000
tb_freq: 10000
use_half: False
use_ddp: Flase
vae_pth: ./weight/VQ-VAE_Parms_chn_.pth
sim_path: ./weight/all_char_similarity_unicode.json
all_content_json: ./meta/trian_val_all_characters.json
num_embeddings: 20
vae_batch_size: 256
vae_lr: 0.001
vae_iter: 10000
num_heads: 8
kshot: 3
num_positive_samples: 2
iter: 50000
step_size: 10000
gamma: 0.95
unique_name: task_name
name: task_name
[37m[36mINFO[0m[0m::05/20 00:48:02 | Unique name: task_name
[37m[36mINFO[0m[0m::05/20 00:48:02 | Get dataset ...
[37m[36mINFO[0m[0m::05/20 00:49:43 | Run Argv:
> train.py task_name cfgs/custom.yaml --resume ../weight/VQ-VAE_Parms_chn_.pth
[37m[36mINFO[0m[0m::05/20 00:49:43 | Args:
name            = task_name
config_paths    = ['cfgs/custom.yaml']
resume          = ../weight/VQ-VAE_Parms_chn_.pth
use_unique_name = False
[37m[36mINFO[0m[0m::05/20 00:49:43 | Configs:
overwrite: False
work_dir: results\your_task_name
batch_size: 8
comb_iter: 800000
seed: 2
g_lr: 0.0002
d_lr: 0.0004
n_workers: 10
adam_betas: 
  - 0.0
  - 0.9
init: xavier
num_channels: 256
content_font: KZ Arial
language: kazakh
data_path: ./results/your_task_name/lmdb/
data_meta: ./results/your_task_name/meta/trainset_ori_meta.json
dset_aug: 
  normalize: True
cv_n_unis: 20
cv_n_fonts: 9
C: 32
input_size: 128
g_args: 
  comp_enc: 
    C_out: 256
    norm: in
    activ: relu
  dec: 
    norm: in
    activ: relu
    out: sigmoid
  content_enc: 
    C_out: 256
    content_sigmoid: False
  integrator_args: 
    norm: in
    activ: relu
d_args: 
  w_norm: spectral
  activ: relu
  gap_activ: relu
  res_scale_var: False
pixel_loss_type: L1
pixel_w: 1.0
gan_w: 1.0
contrastive_w: 0.1
save: all-last
print_freq: 1000
val_freq: 5000
save_freq: 50000
tb_freq: 10000
use_half: False
use_ddp: Flase
vae_pth: ./weight/VQ-VAE_Parms_chn_.pth
sim_path: ./weight/all_char_similarity_unicode.json
all_content_json: ./meta/trian_val_all_characters.json
num_embeddings: 20
vae_batch_size: 256
vae_lr: 0.001
vae_iter: 10000
num_heads: 8
kshot: 3
num_positive_samples: 2
iter: 50000
step_size: 10000
gamma: 0.95
unique_name: task_name
name: task_name
[37m[36mINFO[0m[0m::05/20 00:49:43 | Unique name: task_name
[37m[36mINFO[0m[0m::05/20 00:49:43 | Get dataset ...
[37m[36mINFO[0m[0m::05/20 00:51:51 | Run Argv:
> train.py task_name cfgs/custom.yaml --resume ../weight/VQ-VAE_Parms_chn_.pth
[37m[36mINFO[0m[0m::05/20 00:51:51 | Args:
name            = task_name
config_paths    = ['cfgs/custom.yaml']
resume          = ../weight/VQ-VAE_Parms_chn_.pth
use_unique_name = False
[37m[36mINFO[0m[0m::05/20 00:51:51 | Configs:
overwrite: False
work_dir: results\your_task_name
batch_size: 8
comb_iter: 800000
seed: 2
g_lr: 0.0002
d_lr: 0.0004
n_workers: 10
adam_betas: 
  - 0.0
  - 0.9
init: xavier
num_channels: 256
content_font: KZ Arial
language: kazakh
data_path: ./results/your_task_name/lmdb/
data_meta: ./results/your_task_name/meta/trainset_ori_meta.json
dset_aug: 
  normalize: True
cv_n_unis: 20
cv_n_fonts: 9
C: 32
input_size: 128
g_args: 
  comp_enc: 
    C_out: 256
    norm: in
    activ: relu
  dec: 
    norm: in
    activ: relu
    out: sigmoid
  content_enc: 
    C_out: 256
    content_sigmoid: False
  integrator_args: 
    norm: in
    activ: relu
d_args: 
  w_norm: spectral
  activ: relu
  gap_activ: relu
  res_scale_var: False
pixel_loss_type: L1
pixel_w: 1.0
gan_w: 1.0
contrastive_w: 0.1
save: all-last
print_freq: 1000
val_freq: 5000
save_freq: 50000
tb_freq: 10000
use_half: False
use_ddp: Flase
vae_pth: ./weight/VQ-VAE_Parms_chn_.pth
sim_path: ./weight/all_char_similarity_unicode.json
all_content_json: ./meta/trian_val_all_characters.json
num_embeddings: 20
vae_batch_size: 256
vae_lr: 0.001
vae_iter: 10000
num_heads: 8
kshot: 3
num_positive_samples: 2
iter: 50000
step_size: 10000
gamma: 0.95
unique_name: task_name
name: task_name
[37m[36mINFO[0m[0m::05/20 00:51:51 | Unique name: task_name
[37m[36mINFO[0m[0m::05/20 00:51:51 | Get dataset ...
[37m[36mINFO[0m[0m::05/20 01:42:42 | Run Argv:
> train.py task_name cfgs/custom.yaml --resume ../weight/VQ-VAE_Parms_chn_.pth
[37m[36mINFO[0m[0m::05/20 01:42:42 | Args:
name            = task_name
config_paths    = ['cfgs/custom.yaml']
resume          = ../weight/VQ-VAE_Parms_chn_.pth
use_unique_name = False
[37m[36mINFO[0m[0m::05/20 01:42:42 | Configs:
overwrite: False
work_dir: results\your_task_name
batch_size: 8
comb_iter: 800000
seed: 2
g_lr: 0.0002
d_lr: 0.0004
n_workers: 10
adam_betas: 
  - 0.0
  - 0.9
init: xavier
num_channels: 256
content_font: KZ Arial
language: kazakh
data_path: ./results/your_task_name/lmdb/
data_meta: ./results/your_task_name/meta/trainset_ori_meta.json
dset_aug: 
  normalize: True
cv_n_unis: 20
cv_n_fonts: 9
C: 32
input_size: 128
g_args: 
  comp_enc: 
    C_out: 256
    norm: in
    activ: relu
  dec: 
    norm: in
    activ: relu
    out: sigmoid
  content_enc: 
    C_out: 256
    content_sigmoid: False
  integrator_args: 
    norm: in
    activ: relu
d_args: 
  w_norm: spectral
  activ: relu
  gap_activ: relu
  res_scale_var: False
pixel_loss_type: L1
pixel_w: 1.0
gan_w: 1.0
contrastive_w: 0.1
save: all-last
print_freq: 1000
val_freq: 5000
save_freq: 50000
tb_freq: 10000
use_half: False
use_ddp: Flase
vae_pth: ./weight/VQ-VAE_Parms_chn_.pth
sim_path: ./weight/all_char_similarity_unicode.json
all_content_json: ./meta/trian_val_all_characters.json
num_embeddings: 20
vae_batch_size: 256
vae_lr: 0.001
vae_iter: 10000
num_heads: 8
kshot: 3
num_positive_samples: 2
iter: 50000
step_size: 10000
gamma: 0.95
unique_name: task_name
name: task_name
[37m[36mINFO[0m[0m::05/20 01:42:42 | Unique name: task_name
[37m[36mINFO[0m[0m::05/20 01:42:42 | Get dataset ...
[37m[36mINFO[0m[0m::05/20 01:43:37 | Run Argv:
> train.py task_name cfgs/custom.yaml --resume ../weight/VQ-VAE_Parms_chn_.pth
[37m[36mINFO[0m[0m::05/20 01:43:37 | Args:
name            = task_name
config_paths    = ['cfgs/custom.yaml']
resume          = ../weight/VQ-VAE_Parms_chn_.pth
use_unique_name = False
[37m[36mINFO[0m[0m::05/20 01:43:37 | Configs:
overwrite: False
work_dir: results\your_task_name
batch_size: 8
comb_iter: 800000
seed: 2
g_lr: 0.0002
d_lr: 0.0004
n_workers: 10
adam_betas: 
  - 0.0
  - 0.9
init: xavier
num_channels: 256
content_font: KZ Arial
language: kazakh
data_path: ./results/your_task_name/lmdb/
data_meta: ./results/your_task_name/meta/trainset_ori_meta.json
dset_aug: 
  normalize: True
cv_n_unis: 20
cv_n_fonts: 9
C: 32
input_size: 128
g_args: 
  comp_enc: 
    C_out: 256
    norm: in
    activ: relu
  dec: 
    norm: in
    activ: relu
    out: sigmoid
  content_enc: 
    C_out: 256
    content_sigmoid: False
  integrator_args: 
    norm: in
    activ: relu
d_args: 
  w_norm: spectral
  activ: relu
  gap_activ: relu
  res_scale_var: False
pixel_loss_type: L1
pixel_w: 1.0
gan_w: 1.0
contrastive_w: 0.1
save: all-last
print_freq: 1000
val_freq: 5000
save_freq: 50000
tb_freq: 10000
use_half: False
use_ddp: Flase
vae_pth: ./weight/VQ-VAE_Parms_chn_.pth
sim_path: ./weight/all_char_similarity_unicode.json
all_content_json: ./meta/trian_val_all_characters.json
num_embeddings: 20
vae_batch_size: 256
vae_lr: 0.001
vae_iter: 10000
num_heads: 8
kshot: 3
num_positive_samples: 2
iter: 50000
step_size: 10000
gamma: 0.95
unique_name: task_name
name: task_name
[37m[36mINFO[0m[0m::05/20 01:43:37 | Unique name: task_name
[37m[36mINFO[0m[0m::05/20 01:43:37 | Get dataset ...
[37m[36mINFO[0m[0m::05/20 01:48:40 | Run Argv:
> train.py task_name cfgs/custom.yaml --resume ../weight/VQ-VAE_Parms_chn_.pth
[37m[36mINFO[0m[0m::05/20 01:48:40 | Args:
name            = task_name
config_paths    = ['cfgs/custom.yaml']
resume          = ../weight/VQ-VAE_Parms_chn_.pth
use_unique_name = False
[37m[36mINFO[0m[0m::05/20 01:48:40 | Configs:
overwrite: False
work_dir: results\your_task_name
batch_size: 8
comb_iter: 800000
seed: 2
g_lr: 0.0002
d_lr: 0.0004
n_workers: 10
adam_betas: 
  - 0.0
  - 0.9
init: xavier
num_channels: 256
content_font: KZ Arial
language: kazakh
data_path: ./results/your_task_name/lmdb/
data_meta: ./results/your_task_name/meta/trainset_ori_meta.json
dset_aug: 
  normalize: True
cv_n_unis: 20
cv_n_fonts: 9
C: 32
input_size: 128
g_args: 
  comp_enc: 
    C_out: 256
    norm: in
    activ: relu
  dec: 
    norm: in
    activ: relu
    out: sigmoid
  content_enc: 
    C_out: 256
    content_sigmoid: False
  integrator_args: 
    norm: in
    activ: relu
d_args: 
  w_norm: spectral
  activ: relu
  gap_activ: relu
  res_scale_var: False
pixel_loss_type: L1
pixel_w: 1.0
gan_w: 1.0
contrastive_w: 0.1
save: all-last
print_freq: 1000
val_freq: 5000
save_freq: 50000
tb_freq: 10000
use_half: False
use_ddp: Flase
vae_pth: ./weight/VQ-VAE_Parms_chn_.pth
sim_path: ./weight/all_char_similarity_unicode.json
all_content_json: ./meta/trian_val_all_characters.json
num_embeddings: 20
vae_batch_size: 256
vae_lr: 0.001
vae_iter: 10000
num_heads: 8
kshot: 3
num_positive_samples: 2
iter: 50000
step_size: 10000
gamma: 0.95
unique_name: task_name
name: task_name
[37m[36mINFO[0m[0m::05/20 01:48:40 | Unique name: task_name
[37m[36mINFO[0m[0m::05/20 01:48:40 | Get dataset ...
[37m[36mINFO[0m[0m::05/20 01:48:40 | Build Few-shot model ...
[37m[36mINFO[0m[0m::05/20 01:48:40 | Load pre-train model...
[37m[36mINFO[0m[0m::05/20 01:53:36 | Run Argv:
> train.py task_name cfgs/custom.yaml --resume ./weight/VQ-VAE_Parms_chn_.pth
[37m[36mINFO[0m[0m::05/20 01:53:36 | Args:
name            = task_name
config_paths    = ['cfgs/custom.yaml']
resume          = ./weight/VQ-VAE_Parms_chn_.pth
use_unique_name = False
[37m[36mINFO[0m[0m::05/20 01:53:36 | Configs:
overwrite: False
work_dir: results\your_task_name
batch_size: 8
comb_iter: 800000
seed: 2
g_lr: 0.0002
d_lr: 0.0004
n_workers: 10
adam_betas: 
  - 0.0
  - 0.9
init: xavier
num_channels: 256
content_font: KZ Arial
language: kazakh
data_path: ./results/your_task_name/lmdb/
data_meta: ./results/your_task_name/meta/trainset_ori_meta.json
dset_aug: 
  normalize: True
cv_n_unis: 20
cv_n_fonts: 9
C: 32
input_size: 128
g_args: 
  comp_enc: 
    C_out: 256
    norm: in
    activ: relu
  dec: 
    norm: in
    activ: relu
    out: sigmoid
  content_enc: 
    C_out: 256
    content_sigmoid: False
  integrator_args: 
    norm: in
    activ: relu
d_args: 
  w_norm: spectral
  activ: relu
  gap_activ: relu
  res_scale_var: False
pixel_loss_type: L1
pixel_w: 1.0
gan_w: 1.0
contrastive_w: 0.1
save: all-last
print_freq: 1000
val_freq: 5000
save_freq: 50000
tb_freq: 10000
use_half: False
use_ddp: Flase
vae_pth: ./weight/VQ-VAE_Parms_chn_.pth
sim_path: ./weight/all_char_similarity_unicode.json
all_content_json: ./meta/trian_val_all_characters.json
num_embeddings: 20
vae_batch_size: 256
vae_lr: 0.001
vae_iter: 10000
num_heads: 8
kshot: 3
num_positive_samples: 2
iter: 50000
step_size: 10000
gamma: 0.95
unique_name: task_name
name: task_name
[37m[36mINFO[0m[0m::05/20 01:53:36 | Unique name: task_name
[37m[36mINFO[0m[0m::05/20 01:53:36 | Get dataset ...
[37m[36mINFO[0m[0m::05/20 01:53:36 | Build Few-shot model ...
[37m[36mINFO[0m[0m::05/20 01:53:36 | Load pre-train model...
[37m[36mINFO[0m[0m::05/20 01:56:48 | Run Argv:
> train.py task_name cfgs/custom.yaml
[37m[36mINFO[0m[0m::05/20 01:56:48 | Args:
name            = task_name
config_paths    = ['cfgs/custom.yaml']
resume          = None
use_unique_name = False
[37m[36mINFO[0m[0m::05/20 01:56:48 | Configs:
overwrite: False
work_dir: results\your_task_name
batch_size: 8
comb_iter: 800000
seed: 2
g_lr: 0.0002
d_lr: 0.0004
n_workers: 10
adam_betas: 
  - 0.0
  - 0.9
init: xavier
num_channels: 256
content_font: KZ Arial
language: kazakh
data_path: ./results/your_task_name/lmdb/
data_meta: ./results/your_task_name/meta/trainset_ori_meta.json
dset_aug: 
  normalize: True
cv_n_unis: 20
cv_n_fonts: 9
C: 32
input_size: 128
g_args: 
  comp_enc: 
    C_out: 256
    norm: in
    activ: relu
  dec: 
    norm: in
    activ: relu
    out: sigmoid
  content_enc: 
    C_out: 256
    content_sigmoid: False
  integrator_args: 
    norm: in
    activ: relu
d_args: 
  w_norm: spectral
  activ: relu
  gap_activ: relu
  res_scale_var: False
pixel_loss_type: L1
pixel_w: 1.0
gan_w: 1.0
contrastive_w: 0.1
save: all-last
print_freq: 1000
val_freq: 5000
save_freq: 50000
tb_freq: 10000
use_half: False
use_ddp: Flase
vae_pth: ./weight/VQ-VAE_Parms_chn_.pth
sim_path: ./weight/all_char_similarity_unicode.json
all_content_json: ./meta/trian_val_all_characters.json
num_embeddings: 20
vae_batch_size: 256
vae_lr: 0.001
vae_iter: 10000
num_heads: 8
kshot: 3
num_positive_samples: 2
iter: 50000
step_size: 10000
gamma: 0.95
unique_name: task_name
name: task_name
[37m[36mINFO[0m[0m::05/20 01:56:48 | Unique name: task_name
[37m[36mINFO[0m[0m::05/20 01:56:48 | Get dataset ...
[37m[36mINFO[0m[0m::05/20 01:56:48 | Build Few-shot model ...
[37m[36mINFO[0m[0m::05/20 01:56:48 | Load pre-train model...
[37m[36mINFO[0m[0m::05/20 01:56:48 | Start training FewShot ...
[37m[36mINFO[0m[0m::05/20 05:15:28 | Run Argv:
> train.py task_name cfgs/custom.yaml
[37m[36mINFO[0m[0m::05/20 05:15:28 | Args:
name            = task_name
config_paths    = ['cfgs/custom.yaml']
resume          = None
use_unique_name = False
[37m[36mINFO[0m[0m::05/20 05:15:28 | Configs:
overwrite: False
work_dir: results\your_task_name
batch_size: 8
comb_iter: 800000
seed: 2
g_lr: 0.0002
d_lr: 0.0004
n_workers: 10
adam_betas: 
  - 0.0
  - 0.9
init: xavier
num_channels: 256
content_font: KZ Arial
language: kazakh
data_path: ./results/your_task_name/lmdb/
data_meta: ./results/your_task_name/meta/trainset_ori_meta.json
dset_aug: 
  normalize: True
cv_n_unis: 20
cv_n_fonts: 9
C: 32
input_size: 128
g_args: 
  comp_enc: 
    C_out: 256
    norm: in
    activ: relu
  dec: 
    norm: in
    activ: relu
    out: sigmoid
  content_enc: 
    C_out: 256
    content_sigmoid: False
  integrator_args: 
    norm: in
    activ: relu
d_args: 
  w_norm: spectral
  activ: relu
  gap_activ: relu
  res_scale_var: False
pixel_loss_type: L1
pixel_w: 1.0
gan_w: 1.0
contrastive_w: 0.1
save: all-last
print_freq: 1000
val_freq: 5000
save_freq: 50000
tb_freq: 10000
use_half: False
use_ddp: Flase
vae_pth: ./weight/VQ-VAE_Parms_chn_.pth
sim_path: ./weight/all_char_similarity_unicode.json
all_content_json: ./meta/trian_val_all_characters.json
num_embeddings: 20
vae_batch_size: 256
vae_lr: 0.001
vae_iter: 10000
num_heads: 8
kshot: 3
num_positive_samples: 2
iter: 50000
step_size: 10000
gamma: 0.95
unique_name: task_name
name: task_name
[37m[36mINFO[0m[0m::05/20 05:15:28 | Unique name: task_name
[37m[36mINFO[0m[0m::05/20 05:15:28 | Get dataset ...
[37m[36mINFO[0m[0m::05/20 05:15:28 | Build Few-shot model ...
[37m[36mINFO[0m[0m::05/20 05:15:29 | Load pre-train model...
[37m[36mINFO[0m[0m::05/20 05:15:29 | Start training FewShot ...
[37m[36mINFO[0m[0m::05/20 05:19:01 | Run Argv:
> train.py task_name cfgs/custom.yaml
[37m[36mINFO[0m[0m::05/20 05:19:01 | Args:
name            = task_name
config_paths    = ['cfgs/custom.yaml']
resume          = None
use_unique_name = False
[37m[36mINFO[0m[0m::05/20 05:19:01 | Configs:
overwrite: False
work_dir: results\your_task_name
batch_size: 8
comb_iter: 800000
seed: 2
g_lr: 0.0002
d_lr: 0.0004
n_workers: 10
adam_betas: 
  - 0.0
  - 0.9
init: xavier
num_channels: 256
content_font: KZ Arial
language: kazakh
data_path: ./results/your_task_name/lmdb/
data_meta: ./results/your_task_name/meta/trainset_ori_meta.json
dset_aug: 
  normalize: True
cv_n_unis: 20
cv_n_fonts: 9
C: 32
input_size: 128
g_args: 
  comp_enc: 
    C_out: 256
    norm: in
    activ: relu
  dec: 
    norm: in
    activ: relu
    out: sigmoid
  content_enc: 
    C_out: 256
    content_sigmoid: False
  integrator_args: 
    norm: in
    activ: relu
d_args: 
  w_norm: spectral
  activ: relu
  gap_activ: relu
  res_scale_var: False
pixel_loss_type: L1
pixel_w: 1.0
gan_w: 1.0
contrastive_w: 0.1
save: all-last
print_freq: 1000
val_freq: 5000
save_freq: 50000
tb_freq: 10000
use_half: False
use_ddp: Flase
vae_pth: ./weight/VQ-VAE_Parms_chn_.pth
sim_path: ./weight/all_char_similarity_unicode.json
all_content_json: ./meta/trian_val_all_characters.json
num_embeddings: 20
vae_batch_size: 256
vae_lr: 0.001
vae_iter: 10000
num_heads: 8
kshot: 3
num_positive_samples: 2
iter: 50000
step_size: 10000
gamma: 0.95
unique_name: task_name
name: task_name
[37m[36mINFO[0m[0m::05/20 05:19:01 | Unique name: task_name
[37m[36mINFO[0m[0m::05/20 05:19:01 | Get dataset ...
[37m[36mINFO[0m[0m::05/20 05:19:01 | Build Few-shot model ...
[37m[36mINFO[0m[0m::05/20 05:19:01 | Load pre-train model...
[37m[36mINFO[0m[0m::05/20 05:19:01 | Start training FewShot ...
[37m[36mINFO[0m[0m::05/20 05:43:18 | Run Argv:
> train.py task_name cfgs/custom.yaml
[37m[36mINFO[0m[0m::05/20 05:43:18 | Args:
name            = task_name
config_paths    = ['cfgs/custom.yaml']
resume          = None
use_unique_name = False
[37m[36mINFO[0m[0m::05/20 05:43:18 | Configs:
overwrite: False
work_dir: results\your_task_name
batch_size: 8
comb_iter: 800000
seed: 2
g_lr: 0.0002
d_lr: 0.0004
n_workers: 10
adam_betas: 
  - 0.0
  - 0.9
init: xavier
num_channels: 256
content_font: KZ Arial
language: kazakh
data_path: ./results/your_task_name/lmdb/
data_meta: ./results/your_task_name/meta/trainset_ori_meta.json
dset_aug: 
  normalize: True
cv_n_unis: 20
cv_n_fonts: 9
C: 32
input_size: 128
g_args: 
  comp_enc: 
    C_out: 256
    norm: in
    activ: relu
  dec: 
    norm: in
    activ: relu
    out: sigmoid
  content_enc: 
    C_out: 256
    content_sigmoid: False
  integrator_args: 
    norm: in
    activ: relu
d_args: 
  w_norm: spectral
  activ: relu
  gap_activ: relu
  res_scale_var: False
pixel_loss_type: L1
pixel_w: 1.0
gan_w: 1.0
contrastive_w: 0.1
save: all-last
print_freq: 1000
val_freq: 5000
save_freq: 50000
tb_freq: 10000
use_half: False
use_ddp: Flase
vae_pth: ./weight/VQ-VAE_Parms_chn_.pth
sim_path: ./weight/all_char_similarity_unicode.json
all_content_json: ./meta/trian_val_all_characters.json
num_embeddings: 20
vae_batch_size: 256
vae_lr: 0.001
vae_iter: 10000
num_heads: 8
kshot: 3
num_positive_samples: 2
iter: 50000
step_size: 10000
gamma: 0.95
unique_name: task_name
name: task_name
[37m[36mINFO[0m[0m::05/20 05:43:18 | Unique name: task_name
[37m[36mINFO[0m[0m::05/20 05:43:18 | Get dataset ...
[37m[36mINFO[0m[0m::05/20 05:43:18 | Build Few-shot model ...
[37m[36mINFO[0m[0m::05/20 05:43:18 | Load pre-train model...
[37m[36mINFO[0m[0m::05/20 05:43:19 | Start training FewShot ...
[37m[36mINFO[0m[0m::05/20 05:49:13 | Run Argv:
> train.py task_name cfgs/custom.yaml
[37m[36mINFO[0m[0m::05/20 05:49:13 | Args:
name            = task_name
config_paths    = ['cfgs/custom.yaml']
resume          = None
use_unique_name = False
[37m[36mINFO[0m[0m::05/20 05:49:13 | Configs:
overwrite: False
work_dir: results\your_task_name
batch_size: 8
comb_iter: 800000
seed: 2
g_lr: 0.0002
d_lr: 0.0004
n_workers: 10
adam_betas: 
  - 0.0
  - 0.9
init: xavier
num_channels: 256
content_font: KZ Arial
language: kazakh
data_path: ./results/your_task_name/lmdb/
data_meta: ./results/your_task_name/meta/trainset_ori_meta.json
dset_aug: 
  normalize: True
cv_n_unis: 20
cv_n_fonts: 9
C: 32
input_size: 128
g_args: 
  comp_enc: 
    C_out: 256
    norm: in
    activ: relu
  dec: 
    norm: in
    activ: relu
    out: sigmoid
  content_enc: 
    C_out: 256
    content_sigmoid: False
  integrator_args: 
    norm: in
    activ: relu
d_args: 
  w_norm: spectral
  activ: relu
  gap_activ: relu
  res_scale_var: False
pixel_loss_type: L1
pixel_w: 1.0
gan_w: 1.0
contrastive_w: 0.1
save: all-last
print_freq: 1000
val_freq: 5000
save_freq: 50000
tb_freq: 10000
use_half: False
use_ddp: Flase
vae_pth: ./weight/VQ-VAE_Parms_chn_.pth
sim_path: ./weight/all_char_similarity_unicode.json
all_content_json: ./meta/trian_val_all_characters.json
num_embeddings: 20
vae_batch_size: 256
vae_lr: 0.001
vae_iter: 10000
num_heads: 8
kshot: 3
num_positive_samples: 2
iter: 50000
step_size: 10000
gamma: 0.95
unique_name: task_name
name: task_name
[37m[36mINFO[0m[0m::05/20 05:49:13 | Unique name: task_name
[37m[36mINFO[0m[0m::05/20 05:49:13 | Get dataset ...
[37m[36mINFO[0m[0m::05/20 05:49:13 | Build Few-shot model ...
[37m[36mINFO[0m[0m::05/20 05:49:13 | Load pre-train model...
[37m[36mINFO[0m[0m::05/20 05:49:13 | Start training FewShot ...
[37m[36mINFO[0m[0m::05/20 05:51:51 | Run Argv:
> train.py task_name cfgs/custom.yaml
[37m[36mINFO[0m[0m::05/20 05:51:51 | Args:
name            = task_name
config_paths    = ['cfgs/custom.yaml']
resume          = None
use_unique_name = False
[37m[36mINFO[0m[0m::05/20 05:51:51 | Configs:
overwrite: False
work_dir: results\your_task_name
batch_size: 8
comb_iter: 800000
seed: 2
g_lr: 0.0002
d_lr: 0.0004
n_workers: 0
adam_betas: 
  - 0.0
  - 0.9
init: xavier
num_channels: 256
content_font: KZ Arial
language: kazakh
data_path: ./results/your_task_name/lmdb/
data_meta: ./results/your_task_name/meta/trainset_ori_meta.json
dset_aug: 
  normalize: True
cv_n_unis: 20
cv_n_fonts: 9
C: 32
input_size: 128
g_args: 
  comp_enc: 
    C_out: 256
    norm: in
    activ: relu
  dec: 
    norm: in
    activ: relu
    out: sigmoid
  content_enc: 
    C_out: 256
    content_sigmoid: False
  integrator_args: 
    norm: in
    activ: relu
d_args: 
  w_norm: spectral
  activ: relu
  gap_activ: relu
  res_scale_var: False
pixel_loss_type: L1
pixel_w: 1.0
gan_w: 1.0
contrastive_w: 0.1
save: all-last
print_freq: 1000
val_freq: 5000
save_freq: 50000
tb_freq: 10000
use_half: False
use_ddp: Flase
vae_pth: ./weight/VQ-VAE_Parms_chn_.pth
sim_path: ./weight/all_char_similarity_unicode.json
all_content_json: ./meta/trian_val_all_characters.json
num_embeddings: 20
vae_batch_size: 256
vae_lr: 0.001
vae_iter: 10000
num_heads: 8
kshot: 3
num_positive_samples: 2
iter: 50000
step_size: 10000
gamma: 0.95
unique_name: task_name
name: task_name
[37m[36mINFO[0m[0m::05/20 05:51:51 | Unique name: task_name
[37m[36mINFO[0m[0m::05/20 05:51:51 | Get dataset ...
[37m[36mINFO[0m[0m::05/20 05:51:51 | Build Few-shot model ...
[37m[36mINFO[0m[0m::05/20 05:51:51 | Load pre-train model...
[37m[36mINFO[0m[0m::05/20 05:51:51 | Start training FewShot ...
[37m[36mINFO[0m[0m::05/20 05:52:55 | Run Argv:
> train.py task_name cfgs/custom.yaml
[37m[36mINFO[0m[0m::05/20 05:52:55 | Args:
name            = task_name
config_paths    = ['cfgs/custom.yaml']
resume          = None
use_unique_name = False
[37m[36mINFO[0m[0m::05/20 05:52:55 | Configs:
overwrite: False
work_dir: results\your_task_name
batch_size: 8
comb_iter: 800000
seed: 2
g_lr: 0.0002
d_lr: 0.0004
n_workers: 1
adam_betas: 
  - 0.0
  - 0.9
init: xavier
num_channels: 256
content_font: KZ Arial
language: kazakh
data_path: ./results/your_task_name/lmdb/
data_meta: ./results/your_task_name/meta/trainset_ori_meta.json
dset_aug: 
  normalize: True
cv_n_unis: 20
cv_n_fonts: 9
C: 32
input_size: 128
g_args: 
  comp_enc: 
    C_out: 256
    norm: in
    activ: relu
  dec: 
    norm: in
    activ: relu
    out: sigmoid
  content_enc: 
    C_out: 256
    content_sigmoid: False
  integrator_args: 
    norm: in
    activ: relu
d_args: 
  w_norm: spectral
  activ: relu
  gap_activ: relu
  res_scale_var: False
pixel_loss_type: L1
pixel_w: 1.0
gan_w: 1.0
contrastive_w: 0.1
save: all-last
print_freq: 1000
val_freq: 5000
save_freq: 50000
tb_freq: 10000
use_half: False
use_ddp: False
vae_pth: ./weight/VQ-VAE_Parms_chn_.pth
sim_path: ./weight/all_char_similarity_unicode.json
all_content_json: ./meta/trian_val_all_characters.json
num_embeddings: 20
vae_batch_size: 256
vae_lr: 0.001
vae_iter: 10000
num_heads: 8
kshot: 3
num_positive_samples: 2
iter: 50000
step_size: 10000
gamma: 0.95
unique_name: task_name
name: task_name
[37m[36mINFO[0m[0m::05/20 05:52:55 | Unique name: task_name
[37m[36mINFO[0m[0m::05/20 05:52:55 | Get dataset ...
[37m[36mINFO[0m[0m::05/20 05:52:55 | Build Few-shot model ...
[37m[36mINFO[0m[0m::05/20 05:52:55 | Load pre-train model...
[37m[36mINFO[0m[0m::05/20 05:52:55 | Start training FewShot ...
[37m[36mINFO[0m[0m::05/20 05:53:21 | Run Argv:
> train.py task_name cfgs/custom.yaml
[37m[36mINFO[0m[0m::05/20 05:53:21 | Args:
name            = task_name
config_paths    = ['cfgs/custom.yaml']
resume          = None
use_unique_name = False
[37m[36mINFO[0m[0m::05/20 05:53:21 | Configs:
overwrite: False
work_dir: results\your_task_name
batch_size: 8
comb_iter: 800000
seed: 2
g_lr: 0.0002
d_lr: 0.0004
n_workers: 0
adam_betas: 
  - 0.0
  - 0.9
init: xavier
num_channels: 256
content_font: KZ Arial
language: kazakh
data_path: ./results/your_task_name/lmdb/
data_meta: ./results/your_task_name/meta/trainset_ori_meta.json
dset_aug: 
  normalize: True
cv_n_unis: 20
cv_n_fonts: 9
C: 32
input_size: 128
g_args: 
  comp_enc: 
    C_out: 256
    norm: in
    activ: relu
  dec: 
    norm: in
    activ: relu
    out: sigmoid
  content_enc: 
    C_out: 256
    content_sigmoid: False
  integrator_args: 
    norm: in
    activ: relu
d_args: 
  w_norm: spectral
  activ: relu
  gap_activ: relu
  res_scale_var: False
pixel_loss_type: L1
pixel_w: 1.0
gan_w: 1.0
contrastive_w: 0.1
save: all-last
print_freq: 1000
val_freq: 5000
save_freq: 50000
tb_freq: 10000
use_half: False
use_ddp: False
vae_pth: ./weight/VQ-VAE_Parms_chn_.pth
sim_path: ./weight/all_char_similarity_unicode.json
all_content_json: ./meta/trian_val_all_characters.json
num_embeddings: 20
vae_batch_size: 256
vae_lr: 0.001
vae_iter: 10000
num_heads: 8
kshot: 3
num_positive_samples: 2
iter: 50000
step_size: 10000
gamma: 0.95
unique_name: task_name
name: task_name
[37m[36mINFO[0m[0m::05/20 05:53:21 | Unique name: task_name
[37m[36mINFO[0m[0m::05/20 05:53:21 | Get dataset ...
[37m[36mINFO[0m[0m::05/20 05:53:21 | Build Few-shot model ...
[37m[36mINFO[0m[0m::05/20 05:53:21 | Load pre-train model...
[37m[36mINFO[0m[0m::05/20 05:53:22 | Start training FewShot ...
